<?xml version="1.0" encoding="UTF-8"?>
<!-- Generated by org.testng.reporters.JUnitReportReporter -->
<testsuite hostname="DESKTOP-CSUVBSK" failures="0" tests="3" name="testLayer.Logintest" time="32.187" errors="0" timestamp="2023-06-21T23:47:04 GMT-04:00" skipped="0">
  <testcase classname="testLayer.Logintest" name="Login" time="10.333"/>
  <system-out/>
  <testcase classname="testLayer.Logintest" name="Login" time="9.909"/>
  <system-out/>
  <testcase classname="testLayer.Logintest" name="Title" time="11.945"/>
  <system-out/>
</testsuite> <!-- testLayer.Logintest -->
